<!DOCTYPE html PUBLIC "-//W3C//DTD XHTML 1.1//EN" "http://www.w3.org/TR/xhtml11/DTD/xhtml11.dtd">
<html xmlns="http://www.w3.org/1999/xhtml">
<head>
<meta charset='utf-8'>
<title>TestNG Report</title>
<style type="text/css">
table {margin-bottom:10px;border-collapse:collapse;empty-cells:show}
td,th {border:1px solid #009;padding:.25em .5em}
.result th {vertical-align:bottom}
.param th {padding-left:1em;padding-right:1em}
.param td {padding-left:.5em;padding-right:2em}
.stripe td,.stripe th {background-color: #E6EBF9}
.numi,.numi_attn {text-align:right}
.total td {font-weight:bold}
.passedodd td {background-color: #0A0}
.passedeven td {background-color: #3F3}
.skippedodd td {background-color: #CCC}
.skippedodd td {background-color: #DDD}
.failedodd td,.numi_attn {background-color: #F33}
.failedeven td,.stripe .numi_attn {background-color: #D00}
.stacktrace {white-space:pre;font-family:monospace}
.totop {font-size:85%;text-align:center;border-bottom:2px solid #000}
</style>
</head>
<body>
<table cellspacing="0" cellpadding="0" class="testOverview">
<tr><th>Test</th><th>Methods<br/>Passed</th><th>Scenarios<br/>Passed</th><th># skipped</th><th># failed</th><th>Total<br/>Time</th><th>Included<br/>Groups</th><th>Excluded<br/>Groups</th></tr>
<tr><td style="text-align:left;padding-right:2em"><a href="#t1">C:\Users\kaveri.appana\IdeaProjects\RestAssuredProject\pom.xml</a></td><td class="numi">3</td><td class="numi">3</td><td class="numi">0</td><td class="numi_attn">3</td><td class="numi">13.3 seconds</td><td class="numi"></td><td class="numi"></td></tr>
</table>
<table cellspacing="0" cellpadding="0" class="methodOverview" id="summary">
<tr><th>Class</th><th>Method</th><th># of<br/>Scenarios</th><th>Start</th><th>Time<br/>(ms)</th></tr>
<tr id="t1"><th colspan="5">C:\Users\kaveri.appana\IdeaProjects\RestAssuredProject\pom.xml &#8212; failed</th></tr>
<tr class="failedodd"><td>Pet.UpdateAnExixtingPet</td><td><a href="#m1"><b>updatethepetinformationbyid</b>  </a></td><td class="numi">1</td><td>1681194547770</td><td class="numi">3576</td></tr>
<tr class="failedeven"><td>Pet.GetPetById</td><td><a href="#m2"><b>findpetbyid</b>  </a></td><td class="numi">1</td><td>1681194555381</td><td class="numi">1843</td></tr>
<tr class="failedodd"><td>Pet.DeletePet</td><td><a href="#m3"><b>deletepet</b>  </a></td><td class="numi">1</td><td>1681194559171</td><td class="numi">1834</td></tr>
<tr><th colspan="5">C:\Users\kaveri.appana\IdeaProjects\RestAssuredProject\pom.xml &#8212; passed</th></tr>
<tr class="passedodd"><td>Pet.GetPetByStatus</td><td><a href="#m4"><b>getpetbystatus</b>  </a></td><td class="numi">1</td><td>1681194551355</td><td class="numi">1991</td></tr>
<tr class="passedeven"><td>Pet.UploadImage</td><td><a href="#m5"><b>uploadimage</b>  </a></td><td class="numi">1</td><td>1681194553346</td><td class="numi">2033</td></tr>
<tr class="passedodd"><td>Pet.UpdateAnExixtingPet</td><td><a href="#m6"><b>updatepet</b>  </a></td><td class="numi">1</td><td>1681194557224</td><td class="numi">1947</td></tr>
</table>
<h1>C:\Users\kaveri.appana\IdeaProjects\RestAssuredProject\pom.xml</h1>
<h2 id="m1">Pet.GetPetById:findpetbyid</h2>
<div>
<h3>Test Messages</h3>
This request is GET request<br/>
End point is /v2/pet/2<br/>
Response body is {"code":1,"type":"error","message":"Pet not found"}<br/>
<h3>Failure</h3>
<div class="stacktrace">java.lang.AssertionError: expected [200] but found [404]
	at org.testng.Assert.fail(Assert.java:96)
	at org.testng.Assert.failNotEquals(Assert.java:776)
	at org.testng.Assert.assertEqualsImpl(Assert.java:137)
	at org.testng.Assert.assertEquals(Assert.java:118)
	at org.testng.Assert.assertEquals(Assert.java:652)
	at org.testng.Assert.assertEquals(Assert.java:662)
	at Pet.GetPetById.findpetbyid(GetPetById.java:30)
	at java.base/jdk.internal.reflect.NativeMethodAccessorImpl.invoke0(Native Method)
	at java.base/jdk.internal.reflect.NativeMethodAccessorImpl.invoke(NativeMethodAccessorImpl.java:62)
	at java.base/jdk.internal.reflect.DelegatingMethodAccessorImpl.invoke(DelegatingMethodAccessorImpl.java:43)
	at java.base/java.lang.reflect.Method.invoke(Method.java:564)
	at org.testng.internal.MethodInvocationHelper.invokeMethod(MethodInvocationHelper.java:124)
	at org.testng.internal.Invoker.invokeMethod(Invoker.java:583)
	at org.testng.internal.Invoker.invokeTestMethod(Invoker.java:719)
	at org.testng.internal.Invoker.invokeTestMethods(Invoker.java:989)
	at org.testng.internal.TestMethodWorker.invokeTestMethods(TestMethodWorker.java:125)
	at org.testng.internal.TestMethodWorker.run(TestMethodWorker.java:109)
	at org.testng.TestRunner.privateRun(TestRunner.java:648)
	at org.testng.TestRunner.run(TestRunner.java:505)
	at org.testng.SuiteRunner.runTest(SuiteRunner.java:455)
	at org.testng.SuiteRunner.runSequentially(SuiteRunner.java:450)
	at org.testng.SuiteRunner.privateRun(SuiteRunner.java:415)
	at org.testng.SuiteRunner.run(SuiteRunner.java:364)
	at org.testng.SuiteRunnerWorker.runSuite(SuiteRunnerWorker.java:52)
	at org.testng.SuiteRunnerWorker.run(SuiteRunnerWorker.java:84)
	at org.testng.TestNG.runSuitesSequentially(TestNG.java:1208)
	at org.testng.TestNG.runSuitesLocally(TestNG.java:1137)
	at org.testng.TestNG.runSuites(TestNG.java:1049)
	at org.testng.TestNG.run(TestNG.java:1017)
	at com.intellij.rt.testng.IDEARemoteTestNG.run(IDEARemoteTestNG.java:66)
	at com.intellij.rt.testng.RemoteTestNGStarter.main(RemoteTestNGStarter.java:109)
</div>
</div>
<p class="totop"><a href="#summary">back to summary</a></p>
<h2 id="m2">Pet.UpdateAnExixtingPet:updatethepetinformationbyid</h2>
<div>
<h3>Test Messages</h3>
End point as /v2/pet/2<br/>
Status code is 200<br/>
<h3>Failure</h3>
<div class="stacktrace">java.lang.AssertionError: expected [200] but found [405]
	at org.testng.Assert.fail(Assert.java:96)
	at org.testng.Assert.failNotEquals(Assert.java:776)
	at org.testng.Assert.assertEqualsImpl(Assert.java:137)
	at org.testng.Assert.assertEquals(Assert.java:118)
	at org.testng.Assert.assertEquals(Assert.java:652)
	at org.testng.Assert.assertEquals(Assert.java:662)
	at Pet.UpdateAnExixtingPet.updatethepetinformationbyid(UpdateAnExixtingPet.java:68)
	at java.base/jdk.internal.reflect.NativeMethodAccessorImpl.invoke0(Native Method)
	at java.base/jdk.internal.reflect.NativeMethodAccessorImpl.invoke(NativeMethodAccessorImpl.java:62)
	at java.base/jdk.internal.reflect.DelegatingMethodAccessorImpl.invoke(DelegatingMethodAccessorImpl.java:43)
	at java.base/java.lang.reflect.Method.invoke(Method.java:564)
	at org.testng.internal.MethodInvocationHelper.invokeMethod(MethodInvocationHelper.java:124)
	at org.testng.internal.Invoker.invokeMethod(Invoker.java:583)
	at org.testng.internal.Invoker.invokeTestMethod(Invoker.java:719)
	at org.testng.internal.Invoker.invokeTestMethods(Invoker.java:989)
	at org.testng.internal.TestMethodWorker.invokeTestMethods(TestMethodWorker.java:125)
	at org.testng.internal.TestMethodWorker.run(TestMethodWorker.java:109)
	at org.testng.TestRunner.privateRun(TestRunner.java:648)
	at org.testng.TestRunner.run(TestRunner.java:505)
	at org.testng.SuiteRunner.runTest(SuiteRunner.java:455)
	at org.testng.SuiteRunner.runSequentially(SuiteRunner.java:450)
	at org.testng.SuiteRunner.privateRun(SuiteRunner.java:415)
	at org.testng.SuiteRunner.run(SuiteRunner.java:364)
	at org.testng.SuiteRunnerWorker.runSuite(SuiteRunnerWorker.java:52)
	at org.testng.SuiteRunnerWorker.run(SuiteRunnerWorker.java:84)
	at org.testng.TestNG.runSuitesSequentially(TestNG.java:1208)
	at org.testng.TestNG.runSuitesLocally(TestNG.java:1137)
	at org.testng.TestNG.runSuites(TestNG.java:1049)
	at org.testng.TestNG.run(TestNG.java:1017)
	at com.intellij.rt.testng.IDEARemoteTestNG.run(IDEARemoteTestNG.java:66)
	at com.intellij.rt.testng.RemoteTestNGStarter.main(RemoteTestNGStarter.java:109)
</div>
</div>
<p class="totop"><a href="#summary">back to summary</a></p>
<h2 id="m3">Pet.DeletePet:deletepet</h2>
<div>
<h3>Test Messages</h3>
This is DELETE Request<br/>
End point is /v2/pet/2<br/>
<h3>Failure</h3>
<div class="stacktrace">java.lang.AssertionError: expected [200] but found [404]
	at org.testng.Assert.fail(Assert.java:96)
	at org.testng.Assert.failNotEquals(Assert.java:776)
	at org.testng.Assert.assertEqualsImpl(Assert.java:137)
	at org.testng.Assert.assertEquals(Assert.java:118)
	at org.testng.Assert.assertEquals(Assert.java:652)
	at org.testng.Assert.assertEquals(Assert.java:662)
	at Pet.DeletePet.deletepet(DeletePet.java:26)
	at java.base/jdk.internal.reflect.NativeMethodAccessorImpl.invoke0(Native Method)
	at java.base/jdk.internal.reflect.NativeMethodAccessorImpl.invoke(NativeMethodAccessorImpl.java:62)
	at java.base/jdk.internal.reflect.DelegatingMethodAccessorImpl.invoke(DelegatingMethodAccessorImpl.java:43)
	at java.base/java.lang.reflect.Method.invoke(Method.java:564)
	at org.testng.internal.MethodInvocationHelper.invokeMethod(MethodInvocationHelper.java:124)
	at org.testng.internal.Invoker.invokeMethod(Invoker.java:583)
	at org.testng.internal.Invoker.invokeTestMethod(Invoker.java:719)
	at org.testng.internal.Invoker.invokeTestMethods(Invoker.java:989)
	at org.testng.internal.TestMethodWorker.invokeTestMethods(TestMethodWorker.java:125)
	at org.testng.internal.TestMethodWorker.run(TestMethodWorker.java:109)
	at org.testng.TestRunner.privateRun(TestRunner.java:648)
	at org.testng.TestRunner.run(TestRunner.java:505)
	at org.testng.SuiteRunner.runTest(SuiteRunner.java:455)
	at org.testng.SuiteRunner.runSequentially(SuiteRunner.java:450)
	at org.testng.SuiteRunner.privateRun(SuiteRunner.java:415)
	at org.testng.SuiteRunner.run(SuiteRunner.java:364)
	at org.testng.SuiteRunnerWorker.runSuite(SuiteRunnerWorker.java:52)
	at org.testng.SuiteRunnerWorker.run(SuiteRunnerWorker.java:84)
	at org.testng.TestNG.runSuitesSequentially(TestNG.java:1208)
	at org.testng.TestNG.runSuitesLocally(TestNG.java:1137)
	at org.testng.TestNG.runSuites(TestNG.java:1049)
	at org.testng.TestNG.run(TestNG.java:1017)
	at com.intellij.rt.testng.IDEARemoteTestNG.run(IDEARemoteTestNG.java:66)
	at com.intellij.rt.testng.RemoteTestNGStarter.main(RemoteTestNGStarter.java:109)
</div>
</div>
<p class="totop"><a href="#summary">back to summary</a></p>
<h2 id="m4">Pet.UploadImage:uploadimage</h2>
<div>
This Request is POST<br/>
Endpoint is /v2/pet/12/uploadImage<br/>
Response body is <?xml version="1.0" encoding="UTF-8" standalone="yes"?><apiResponse><type>unknown</type></apiResponse><br/>
Status code is 415<br/>
</div>
<p class="totop"><a href="#summary">back to summary</a></p>
<h2 id="m5">Pet.UpdateAnExixtingPet:updatepet</h2>
<div>
This is PUT request<br/>
End point is /v2/pet<br/>
Header content-type is application/json<br/>
Response body contains {"id":11,"category":{"id":2,"name":"string"},"name":"cats","photoUrls":["string"],"tags":[{"id":0,"name":"string"}],"status":"available"}<br/>
Status code is 200<br/>
</div>
<p class="totop"><a href="#summary">back to summary</a></p>
<h2 id="m6">Pet.GetPetByStatus:getpetbystatus</h2>
<div>
This Request is GET <br/>
End point is /v2/pet/findByStatus?status=sold<br/>
This End point get pet details by status<br/>
Response body contains [{"id":956,"category":{"id":0,"name":"string"},"name":"doggie","photoUrls":["string"],"tags":[{"id":0,"name":"string"}],"status":"sold"},{"id":13,"category":{"id":0,"name":"cats"},"photoUrls":["string"],"tags":[{"id":0,"name":"string"}],"status":"sold"},{"id":9,"category":{"id":0,"name":"cats"},"name":"King Kong","photoUrls":["string"],"tags":[{"id":0,"name":"string"}],"status":"sold"},{"id":9223372036854774766,"category":{"id":7,"name":"TuJ8"},"name":"IcqC","photoUrls":["ajq9"],"tags":[{"id":0,"name":"SZZc"}],"status":"sold"},{"id":9223372036854774768,"category":{"id":7},"name":"IcqC","photoUrls":["ajq9"],"tags":[],"status":"sold"},{"id":9223372036854774769,"name":"IcqC","photoUrls":["ajq9"],"tags":[{"id":0}],"status":"sold"},{"id":9223372036854774770,"name":"IcqC","photoUrls":["ajq9"],"tags":[{"id":0,"name":"SZZc"}],"status":"sold"},{"id":9223372036854773934,"category":{"id":0,"name":"string"},"name":"monkey","photoUrls":["string"],"tags":[{"id":0,"name":"string"}],"status":"sold"},{"id":1632657383,"category":{"id":1864929123,"name":"qNMoSaSiUoVQ"},"name":"XKXroclSkxEHsw","photoUrls":["merCgrDerq","vHTAHFtN","iW","pCEYce"],"tags":[{"id":1167034643,"name":"o"}],"status":"sold"},{"id":12,"category":{"id":0,"name":"dogs"},"name":"Fido","photoUrls":["string"],"tags":[{"id":0,"name":"string"}],"status":"sold"}]<br/>
Status code contains 200<br/>
</div>
<p class="totop"><a href="#summary">back to summary</a></p>
</body></html>
